<?xml version="1.0" encoding="UTF-8"?><testrun name="ProductServiceTests" project="EcommerceProduct_api" tests="4" started="4" failures="2" errors="0" ignored="0">
  <testsuite name="com.grocery.servicetests.ProductServiceTests" time="4.466" displayname="ProductServiceTests" uniqueid="[engine:junit-jupiter]/[class:com.grocery.servicetests.ProductServiceTests]">
    <testcase name="testProductInitialization" classname="com.grocery.servicetests.ProductServiceTests" time="4.229" displayname="testProductInitialization()" uniqueid="[engine:junit-jupiter]/[class:com.grocery.servicetests.ProductServiceTests]/[method:testProductInitialization()]"/>
    <testcase name="testFindProductById" classname="com.grocery.servicetests.ProductServiceTests" time="0.181" displayname="testFindProductById()" uniqueid="[engine:junit-jupiter]/[class:com.grocery.servicetests.ProductServiceTests]/[method:testFindProductById()]">
      <failure>
        <expected>Test Product</expected>
        <actual>Test Product 2</actual>
        org.opentest4j.AssertionFailedError: expected: &lt;Test Product&gt; but was: &lt;Test Product 2&gt;&#13;
	at org.junit.jupiter.api.AssertionFailureBuilder.build(AssertionFailureBuilder.java:151)&#13;
	at org.junit.jupiter.api.AssertionFailureBuilder.buildAndThrow(AssertionFailureBuilder.java:132)&#13;
	at org.junit.jupiter.api.AssertEquals.failNotEqual(AssertEquals.java:197)&#13;
	at org.junit.jupiter.api.AssertEquals.assertEquals(AssertEquals.java:182)&#13;
	at org.junit.jupiter.api.AssertEquals.assertEquals(AssertEquals.java:177)&#13;
	at org.junit.jupiter.api.Assertions.assertEquals(Assertions.java:1145)&#13;
	at com.grocery.servicetests.ProductServiceTests.testFindProductById(ProductServiceTests.java:104)&#13;
	at java.base/java.lang.reflect.Method.invoke(Method.java:568)&#13;
	at java.base/java.util.ArrayList.forEach(ArrayList.java:1511)&#13;
	at java.base/java.util.ArrayList.forEach(ArrayList.java:1511)&#13;
&#13;

      </failure>
    </testcase>
    <testcase name="testFindAllProducts" classname="com.grocery.servicetests.ProductServiceTests" time="0.009" displayname="testFindAllProducts()" uniqueid="[engine:junit-jupiter]/[class:com.grocery.servicetests.ProductServiceTests]/[method:testFindAllProducts()]">
      <failure>
        <expected>Test Product 1</expected>
        <actual>Test Product 2</actual>
        org.opentest4j.AssertionFailedError: expected: &lt;Test Product 1&gt; but was: &lt;Test Product 2&gt;&#13;
	at org.junit.jupiter.api.AssertionFailureBuilder.build(AssertionFailureBuilder.java:151)&#13;
	at org.junit.jupiter.api.AssertionFailureBuilder.buildAndThrow(AssertionFailureBuilder.java:132)&#13;
	at org.junit.jupiter.api.AssertEquals.failNotEqual(AssertEquals.java:197)&#13;
	at org.junit.jupiter.api.AssertEquals.assertEquals(AssertEquals.java:182)&#13;
	at org.junit.jupiter.api.AssertEquals.assertEquals(AssertEquals.java:177)&#13;
	at org.junit.jupiter.api.Assertions.assertEquals(Assertions.java:1145)&#13;
	at com.grocery.servicetests.ProductServiceTests.testFindAllProducts(ProductServiceTests.java:145)&#13;
	at java.base/java.lang.reflect.Method.invoke(Method.java:568)&#13;
	at java.base/java.util.ArrayList.forEach(ArrayList.java:1511)&#13;
	at java.base/java.util.ArrayList.forEach(ArrayList.java:1511)&#13;
&#13;

      </failure>
    </testcase>
    <testcase name="testFindProductByIdNotFound" classname="com.grocery.servicetests.ProductServiceTests" time="0.04" displayname="testFindProductByIdNotFound()" uniqueid="[engine:junit-jupiter]/[class:com.grocery.servicetests.ProductServiceTests]/[method:testFindProductByIdNotFound()]"/>
  </testsuite>
</testrun>
